<?xml version="1.0" encoding="UTF-8"?>
<!-- Generated by org.testng.reporters.JUnitReportReporter -->
<testsuite skipped="0" hostname="DESKTOP-IB0AF8C" name="bdeb.ProjetFinal.HomePageTest" tests="1" failures="0" timestamp="15 sept. 2020 14:53:11 GMT" time="9.735" errors="0">
  <testcase name="validateHomePage" time="9.735" classname="bdeb.ProjetFinal.HomePageTest"/>
</testsuite> <!-- bdeb.ProjetFinal.HomePageTest -->
