<?xml version="1.0" encoding="UTF-8"?>
<!-- Generated by org.testng.reporters.JUnitReportReporter -->
<testsuite skipped="0" hostname="DESKTOP-IB0AF8C" name="bdeb.ProjetFinal.LoginPageTest" tests="1" failures="0" timestamp="15 sept. 2020 14:47:45 GMT" time="10.096" errors="0">
  <testcase name="doLogin" time="10.096" classname="bdeb.ProjetFinal.LoginPageTest"/>
</testsuite> <!-- bdeb.ProjetFinal.LoginPageTest -->
