<?xml version="1.0" encoding="UTF-8"?>
<!-- Generated by org.testng.reporters.JUnitReportReporter -->
<testsuite skipped="0" hostname="DESKTOP-IB0AF8C" name="bdeb.ProjetFinal.LogoutTest" tests="1" failures="0" timestamp="15 sept. 2020 14:57:14 GMT" time="14.865" errors="0">
  <testcase name="logOut" time="14.865" classname="bdeb.ProjetFinal.LogoutTest"/>
</testsuite> <!-- bdeb.ProjetFinal.LogoutTest -->
